<?xml version="1.0" encoding="UTF-8"?>
<testsuite name="ParallelWeb" tests="9" skipped="1" failures="1" errors="0" timestamp="2017-09-26T13:00:06" hostname="nb-ronma-10" time="196.282">
  <properties/>
  <testcase name="beforeTest" classname="ParallelWeb" time="0.0">
    <failure message="org.openqa.selenium.SessionNotCreatedException: com.perfecto.wfa.server.errors.ErrorCodeException: WFA-500-0000 - Internal Server Error  Details: 'Creating a new session failed.'&#10;Build info: version: 'unknown', revision: 'unknown', time: 'unknown'&#10;System info: host: '65979e4aa2a2', ip: '172.17.0.5', os.name: 'Linux', os.arch: 'amd64', os.version: '4.9.27-14.33.amzn1.x86_64', java.version: '1.8.0_102'&#10;Driver info: driver.version: WebiumDriver&#10;Command duration or timeout: 2.80 seconds&#10;Build info: version: '2.53.0', revision: '35ae25b1534ae328c771e0856c93e187490ca824', time: '2016-03-15 10:43:46'&#10;System info: host: 'nb-ronma-10', ip: '172.30.200.106', os.name: 'Windows 10', os.arch: 'amd64', os.version: '10.0', java.version: '1.8.0_131'&#10;Driver info: org.openqa.selenium.remote.RemoteWebDriver" type="org.openqa.selenium.SessionNotCreatedException">org.openqa.selenium.SessionNotCreatedException: com.perfecto.wfa.server.errors.ErrorCodeException: WFA-500-0000 - Internal Server Error  Details: 'Creating a new session failed.'
Build info: version: 'unknown', revision: 'unknown', time: 'unknown'
System info: host: '65979e4aa2a2', ip: '172.17.0.5', os.name: 'Linux', os.arch: 'amd64', os.version: '4.9.27-14.33.amzn1.x86_64', java.version: '1.8.0_102'
Driver info: driver.version: WebiumDriver
Command duration or timeout: 2.80 seconds
Build info: version: '2.53.0', revision: '35ae25b1534ae328c771e0856c93e187490ca824', time: '2016-03-15 10:43:46'
System info: host: 'nb-ronma-10', ip: '172.30.200.106', os.name: 'Windows 10', os.arch: 'amd64', os.version: '10.0', java.version: '1.8.0_131'
Driver info: org.openqa.selenium.remote.RemoteWebDriver
	at sun.reflect.NativeConstructorAccessorImpl.newInstance0(Native Method)
	at sun.reflect.NativeConstructorAccessorImpl.newInstance(NativeConstructorAccessorImpl.java:62)
	at sun.reflect.DelegatingConstructorAccessorImpl.newInstance(DelegatingConstructorAccessorImpl.java:45)
	at java.lang.reflect.Constructor.newInstance(Constructor.java:423)
	at org.openqa.selenium.remote.ErrorHandler.createThrowable(ErrorHandler.java:206)
	at org.openqa.selenium.remote.ErrorHandler.throwIfResponseFailed(ErrorHandler.java:158)
	at org.openqa.selenium.remote.RemoteWebDriver.execute(RemoteWebDriver.java:678)
	at org.openqa.selenium.remote.RemoteWebDriver.startSession(RemoteWebDriver.java:249)
	at org.openqa.selenium.remote.RemoteWebDriver.&lt;init&gt;(RemoteWebDriver.java:131)
	at org.openqa.selenium.remote.RemoteWebDriver.&lt;init&gt;(RemoteWebDriver.java:158)
	at Utils.getRemoteWebDriver(Utils.java:49)
	at ParallelWeb.beforeTest(ParallelWeb.java:29)
	at sun.reflect.NativeMethodAccessorImpl.invoke0(Native Method)
	at sun.reflect.NativeMethodAccessorImpl.invoke(NativeMethodAccessorImpl.java:62)
	at sun.reflect.DelegatingMethodAccessorImpl.invoke(DelegatingMethodAccessorImpl.java:43)
	at java.lang.reflect.Method.invoke(Method.java:498)
	at org.testng.internal.MethodInvocationHelper.invokeMethod(MethodInvocationHelper.java:86)
	at org.testng.internal.Invoker.invokeConfigurationMethod(Invoker.java:514)
	at org.testng.internal.Invoker.invokeConfigurations(Invoker.java:215)
	at org.testng.internal.Invoker.invokeConfigurations(Invoker.java:142)
	at org.testng.TestRunner.beforeRun(TestRunner.java:656)
	at org.testng.TestRunner.run(TestRunner.java:624)
	at org.testng.SuiteRunner.runTest(SuiteRunner.java:366)
	at org.testng.SuiteRunner.access$000(SuiteRunner.java:39)
	at org.testng.SuiteRunner$SuiteWorker.run(SuiteRunner.java:400)
	at org.testng.internal.thread.ThreadUtil$2.call(ThreadUtil.java:64)
	at java.util.concurrent.FutureTask.run(FutureTask.java:266)
	at java.util.concurrent.ThreadPoolExecutor.runWorker(ThreadPoolExecutor.java:1142)
	at java.util.concurrent.ThreadPoolExecutor$Worker.run(ThreadPoolExecutor.java:617)
	at java.lang.Thread.run(Thread.java:748)
Caused by: org.openqa.selenium.SessionNotCreatedException: com.perfecto.wfa.server.errors.ErrorCodeException: WFA-500-0000 - Internal Server Error  Details: 'Creating a new session failed.'
Build info: version: 'unknown', revision: 'unknown', time: 'unknown'
System info: host: '65979e4aa2a2', ip: '172.17.0.5', os.name: 'Linux', os.arch: 'amd64', os.version: '4.9.27-14.33.amzn1.x86_64', java.version: '1.8.0_102'
Driver info: driver.version: WebiumDriver
Build info: version: '2.53.0', revision: '35ae25b1534ae328c771e0856c93e187490ca824', time: '2016-03-15 10:43:46'
System info: host: 'nb-ronma-10', ip: '172.30.200.106', os.name: 'Windows 10', os.arch: 'amd64', os.version: '10.0', java.version: '1.8.0_131'
Driver info: driver.version: WebiumDriver
	at com.perfecto.wfa.server.selenium.remote.server.perfecto.WebiumDriver.&lt;init&gt;(WebiumDriver.java:146)
	at sun.reflect.GeneratedConstructorAccessor120.newInstance(Unknown Source)
	at sun.reflect.DelegatingConstructorAccessorImpl.newInstance(DelegatingConstructorAccessorImpl.java:45)
	at java.lang.reflect.Constructor.newInstance(Constructor.java:423)
	at org.openqa.selenium.remote.server.DefaultDriverProvider.callConstructor(DefaultDriverProvider.java:103)
	at org.openqa.selenium.remote.server.DefaultDriverProvider.newInstance(DefaultDriverProvider.java:97)
	at org.openqa.selenium.remote.server.DefaultDriverFactory.newInstance(DefaultDriverFactory.java:60)
	at org.openqa.selenium.remote.server.DefaultSession$BrowserCreator.call(DefaultSession.java:222)
	at org.openqa.selenium.remote.server.DefaultSession$BrowserCreator.call(DefaultSession.java:209)
	at java.util.concurrent.FutureTask.run(FutureTask.java:266)
	at org.openqa.selenium.remote.server.DefaultSession$1.run(DefaultSession.java:176)
	at java.util.concurrent.ThreadPoolExecutor.runWorker(ThreadPoolExecutor.java:1142)
	at java.util.concurrent.ThreadPoolExecutor$Worker.run(ThreadPoolExecutor.java:617)
	at java.lang.Thread.run(Thread.java:745)
</failure>
  </testcase>
  <testcase name="way2automation" classname="ParallelWeb" time="0.0">
    <skipped/>
  </testcase>
  <testcase name="way2automation" classname="ParallelWeb" time="48.141"/>
  <testcase name="way2automation" classname="ParallelWeb" time="53.041"/>
  <testcase name="way2automation" classname="ParallelWeb" time="56.337"/>
  <testcase name="way2automation" classname="ParallelWeb" time="53.842"/>
  <testcase name="way2automation" classname="ParallelWeb" time="50.474"/>
  <testcase name="way2automation" classname="ParallelWeb" time="49.266"/>
  <testcase name="way2automation" classname="ParallelWeb" time="56.802"/>
  <system-out><![CDATA[Navigate to site
Navigate to site
Opening signin window
Opening signin window
Signing in
Navigate to site
Signing in
Navigate to site
Opening signin window
Going to registration
Navigate to site
Going to registration
Signing in
Opening signin window
Test Registration
Test Registration
Opening signin window
Signing in
Signing in
Navigate to site
Opening signin window
Signing in
Going to registration
Test Registration
Navigate to site
Opening signin window
]]></system-out>
  <system-err><![CDATA[]]></system-err>
</testsuite>
